========================================
Question 2 - Create ADSL
Started: 2026-07-22 17:14:31 
========================================


========================================
Program completed successfully
Completed: 2026-07-22 17:14:59 

Dataset summary
----------------------------
Rows: 306 
Columns: 33 

Variable names:
 [1] "STUDYID"  "USUBJID"  "SUBJID"   "SITEID"   "COUNTRY"  "AGE"      "AGEU"     "AGEGR9"   "AGEGR9N" 
[10] "SEX"      "RACE"     "ETHNIC"   "DMDTC"    "DMDY"     "ITTFL"    "ARM"      "ARMCD"    "ACTARM"  
[19] "ACTARMCD" "ARMNRS"   "ACTARMUD" "TRT01P"   "TRT01A"   "TRTSDT"   "TRTSDTM"  "TRTSTMF"  "TRTEDT"  
[28] "TRTEDTM"  "TRTETMF"  "BRTHDTC"  "DTHFL"    "DTHDTC"   "LSTALVDT"

Structure:
tibble [306 × 33] (S3: tbl_df/tbl/data.frame)
 $ STUDYID : chr [1:306] "CDISCPILOT01" "CDISCPILOT01" "CDISCPILOT01" "CDISCPILOT01" ...
  ..- attr(*, "label")= chr "Study Identifier"
 $ USUBJID : chr [1:306] "01-701-1015" "01-701-1023" "01-701-1028" "01-701-1033" ...
  ..- attr(*, "label")= chr "Unique Subject Identifier"
 $ SUBJID  : chr [1:306] "1015" "1023" "1028" "1033" ...
  ..- attr(*, "label")= chr "Subject Identifier for the Study"
 $ SITEID  : chr [1:306] "701" "701" "701" "701" ...
  ..- attr(*, "label")= chr "Study Site Identifier"
 $ COUNTRY : chr [1:306] "USA" "USA" "USA" "USA" ...
  ..- attr(*, "label")= chr "Country"
 $ AGE     : num [1:306] 63 64 71 74 77 85 59 68 81 84 ...
  ..- attr(*, "label")= chr "Age"
 $ AGEU    : chr [1:306] "YEARS" "YEARS" "YEARS" "YEARS" ...
  ..- attr(*, "label")= chr "Age Units"
 $ AGEGR9  : chr [1:306] ">50" ">50" ">50" ">50" ...
  ..- attr(*, "label")= chr "Pooled Age Group 9"
 $ AGEGR9N : num [1:306] 3 3 3 3 3 3 3 3 3 3 ...
  ..- attr(*, "label")= chr "Pooled Age Group 9 (N)"
 $ SEX     : chr [1:306] "F" "M" "M" "M" ...
  ..- attr(*, "label")= chr "Sex"
 $ RACE    : chr [1:306] "WHITE" "WHITE" "WHITE" "WHITE" ...
  ..- attr(*, "label")= chr "Race"
 $ ETHNIC  : chr [1:306] "HISPANIC OR LATINO" "HISPANIC OR LATINO" "NOT HISPANIC OR LATINO" "NOT HISPANIC OR LATINO" ...
  ..- attr(*, "label")= chr "Ethnicity"
 $ DMDTC   : chr [1:306] "2013-12-26" "2012-07-22" "2013-07-11" "2014-03-10" ...
  ..- attr(*, "label")= chr "Date/Time of Collection"
 $ DMDY    : num [1:306] -7 -14 -8 -8 -7 -21 NA -9 -13 -7 ...
  ..- attr(*, "label")= chr "Study Day of Collection"
 $ ITTFL   : chr [1:306] "Y" "Y" "Y" "Y" ...
  ..- attr(*, "label")= chr "Intent-To-Treat Population Flag"
 $ ARM     : chr [1:306] "Placebo" "Placebo" "Xanomeline High Dose" "Xanomeline Low Dose" ...
  ..- attr(*, "label")= chr "Description of Planned Arm"
 $ ARMCD   : chr [1:306] "Pbo" "Pbo" "Xan_Hi" "Xan_Lo" ...
  ..- attr(*, "label")= chr "Planned Arm Code"
 $ ACTARM  : chr [1:306] "Placebo" "Placebo" "Xanomeline High Dose" "Xanomeline Low Dose" ...
  ..- attr(*, "label")= chr "Description of Actual Arm"
 $ ACTARMCD: chr [1:306] "Pbo" "Pbo" "Xan_Hi" "Xan_Lo" ...
  ..- attr(*, "label")= chr "Actual Arm Code"
 $ ARMNRS  : chr [1:306] NA NA NA NA ...
  ..- attr(*, "label")= chr "Reason Arm and/or Actual Arm is Null"
 $ ACTARMUD: chr [1:306] NA NA NA NA ...
  ..- attr(*, "label")= chr "Description of Unplanned Actual Arm"
 $ TRT01P  : chr [1:306] "Placebo" "Placebo" "Xanomeline High Dose" "Xanomeline Low Dose" ...
  ..- attr(*, "label")= chr "Description of Planned Arm"
 $ TRT01A  : chr [1:306] "Placebo" "Placebo" "Xanomeline High Dose" "Xanomeline Low Dose" ...
  ..- attr(*, "label")= chr "Description of Actual Arm"
 $ TRTSDT  : Date[1:306], format: "2014-01-02" "2012-08-05" "2013-07-19" ...
 $ TRTSDTM : POSIXct[1:306], format: "2014-01-02" "2012-08-05" "2013-07-19" ...
 $ TRTSTMF : chr [1:306] "H" "H" "H" "H" ...
  ..- attr(*, "label")= chr "Time of First Exposure Imput. Flag"
 $ TRTEDT  : Date[1:306], format: "2014-07-02" "2012-09-01" "2014-01-14" ...
 $ TRTEDTM : POSIXct[1:306], format: "2014-07-02" "2012-09-01" "2014-01-14" ...
 $ TRTETMF : chr [1:306] "H" "H" "H" "H" ...
  ..- attr(*, "label")= chr "Time of Last Exposure Imput. Flag"
 $ BRTHDTC : chr [1:306] "1950-12-26" "1948-07-22" "1942-07-11" "1940-03-10" ...
  ..- attr(*, "label")= chr "Date/Time of Birth"
 $ DTHFL   : chr [1:306] NA NA NA NA ...
  ..- attr(*, "label")= chr "Subject Death Flag"
 $ DTHDTC  : chr [1:306] NA NA NA NA ...
  ..- attr(*, "label")= chr "Date/Time of Death"
 $ LSTALVDT: Date[1:306], format: "2014-07-02" "2013-02-18" "2014-01-14" ...
 - attr(*, "label")= chr "Demographics"
========================================
